[2025-05-07T00:53:30.338Z] error: TypeError: app.use() requires a middleware function
    at Function.use (C:\VProjects\node\oop-app\node_modules\express\lib\application.js:213:11)
    at Object.<anonymous> (C:\VProjects\node\oop-app\app.js:21:5)
    at Module._compile (node:internal/modules/cjs/loader:1368:14)
    at Module._extensions..js (node:internal/modules/cjs/loader:1426:10)
    at Module.load (node:internal/modules/cjs/loader:1205:32)
    at Module._load (node:internal/modules/cjs/loader:1021:12)
    at Function.executeUserEntryPoint [as runMain] (node:internal/modules/run_main:142:12)
    at node:internal/main/run_main_module:28:49
[2025-05-07T00:54:52.329Z] error: TypeError: app.use() requires a middleware function
    at Function.use (C:\VProjects\node\oop-app\node_modules\express\lib\application.js:213:11)
    at Object.<anonymous> (C:\VProjects\node\oop-app\app.js:21:5)
    at Module._compile (node:internal/modules/cjs/loader:1368:14)
    at Module._extensions..js (node:internal/modules/cjs/loader:1426:10)
    at Module.load (node:internal/modules/cjs/loader:1205:32)
    at Module._load (node:internal/modules/cjs/loader:1021:12)
    at Module.require (node:internal/modules/cjs/loader:1230:19)
    at require (node:internal/modules/helpers:179:18)
    at Object.<anonymous> (C:\VProjects\node\oop-app\server.js:1:13)
    at Module._compile (node:internal/modules/cjs/loader:1368:14)
